<?xml version="1.0" encoding="UTF-8"?>
<testsuite xmlns:xsi="http://www.w3.org/2001/XMLSchema-instance" xsi:noNamespaceSchemaLocation="https://maven.apache.org/surefire/maven-surefire-plugin/xsd/surefire-test-report.xsd" name="com.qf.BringcarApplicationTests" time="4.501" tests="1" errors="1" skipped="0" failures="0">
  <properties>
[...]
</properties>
  <testcase name="contextLoads" classname="com.qf.BringcarApplicationTests" time="0.541">
    <error message="&#10;### Error updating database.  Cause: java.sql.SQLException: Column count doesn&apos;t match value count at row 1&#10;### The error may exist in file [D:\java-2003\bringCar\target\classes\mapper\OrderMapper.xml]&#10;### The error may involve com.qf.mapper.OrderMapper.insertOrder-Inline&#10;### The error occurred while setting parameters&#10;### SQL: insert into          sys_order          values         (?,?,?,?,?,?)&#10;### Cause: java.sql.SQLException: Column count doesn&apos;t match value count at row 1&#10;; bad SQL grammar []; nested exception is java.sql.SQLException: Column count doesn&apos;t match value count at row 1" type="org.springframework.jdbc.BadSqlGrammarException">org.springframework.jdbc.BadSqlGrammarException: 

### Error updating database.  Cause: java.sql.SQLException: Column count doesn't match value count at row 1
### The error may exist in file [D:\java-2003\bringCar\target\classes\mapper\OrderMapper.xml]
### The error may involve com.qf.mapper.OrderMapper.insertOrder-Inline
### The error occurred while setting parameters
### SQL: insert into          sys_order          values         (?,?,?,?,?,?)
### Cause: java.sql.SQLException: Column count doesn't match value count at row 1
; bad SQL grammar []; nested exception is java.sql.SQLException: Column count doesn't match value count at row 1
	at com.qf.BringcarApplicationTests.contextLoads(BringcarApplicationTests.java:28)
Caused by: java.sql.SQLException: Column count doesn't match value count at row 1
	at com.qf.BringcarApplicationTests.contextLoads(BringcarApplicationTests.java:28)
</error>
    <system-out><![CDATA[16:35:47.697 [main] DEBUG org.springframework.test.context.BootstrapUtils - Instantiating CacheAwareContextLoaderDelegate from class [org.springframework.test.context.cache.DefaultCacheAwareContextLoaderDelegate]
16:35:47.711 [main] DEBUG org.springframework.test.context.BootstrapUtils - Instantiating BootstrapContext using constructor [public org.springframework.test.context.support.DefaultBootstrapContext(java.lang.Class,org.springframework.test.context.CacheAwareContextLoaderDelegate)]
16:35:47.744 [main] DEBUG org.springframework.test.context.BootstrapUtils - Instantiating TestContextBootstrapper for test class [com.qf.BringcarApplicationTests] from class [org.springframework.boot.test.context.SpringBootTestContextBootstrapper]
16:35:47.762 [main] INFO org.springframework.boot.test.context.SpringBootTestContextBootstrapper - Neither @ContextConfiguration nor @ContextHierarchy found for test class [com.qf.BringcarApplicationTests], using SpringBootContextLoader
16:35:47.768 [main] DEBUG org.springframework.test.context.support.AbstractContextLoader - Did not detect default resource location for test class [com.qf.BringcarApplicationTests]: class path resource [com/qf/BringcarApplicationTests-context.xml] does not exist
16:35:47.769 [main] DEBUG org.springframework.test.context.support.AbstractContextLoader - Did not detect default resource location for test class [com.qf.BringcarApplicationTests]: class path resource [com/qf/BringcarApplicationTestsContext.groovy] does not exist
16:35:47.770 [main] INFO org.springframework.test.context.support.AbstractContextLoader - Could not detect default resource locations for test class [com.qf.BringcarApplicationTests]: no resource found for suffixes {-context.xml, Context.groovy}.
16:35:47.771 [main] INFO org.springframework.test.context.support.AnnotationConfigContextLoaderUtils - Could not detect default configuration classes for test class [com.qf.BringcarApplicationTests]: BringcarApplicationTests does not declare any static, non-private, non-final, nested classes annotated with @Configuration.
16:35:47.829 [main] DEBUG org.springframework.test.context.support.ActiveProfilesUtils - Could not find an 'annotation declaring class' for annotation type [org.springframework.test.context.ActiveProfiles] and class [com.qf.BringcarApplicationTests]
16:35:47.918 [main] DEBUG org.springframework.context.annotation.ClassPathScanningCandidateComponentProvider - Identified candidate component class: file [D:\java-2003\bringCar\target\classes\com\qf\BringcarApplication.class]
16:35:47.919 [main] INFO org.springframework.boot.test.context.SpringBootTestContextBootstrapper - Found @SpringBootConfiguration com.qf.BringcarApplication for test class com.qf.BringcarApplicationTests
16:35:48.029 [main] DEBUG org.springframework.boot.test.context.SpringBootTestContextBootstrapper - @TestExecutionListeners is not present for class [com.qf.BringcarApplicationTests]: using defaults.
16:35:48.029 [main] INFO org.springframework.boot.test.context.SpringBootTestContextBootstrapper - Loaded default TestExecutionListener class names from location [META-INF/spring.factories]: [org.springframework.boot.test.mock.mockito.MockitoTestExecutionListener, org.springframework.boot.test.mock.mockito.ResetMocksTestExecutionListener, org.springframework.boot.test.autoconfigure.restdocs.RestDocsTestExecutionListener, org.springframework.boot.test.autoconfigure.web.client.MockRestServiceServerResetTestExecutionListener, org.springframework.boot.test.autoconfigure.web.servlet.MockMvcPrintOnlyOnFailureTestExecutionListener, org.springframework.boot.test.autoconfigure.web.servlet.WebDriverTestExecutionListener, org.springframework.boot.test.autoconfigure.webservices.client.MockWebServiceServerTestExecutionListener, org.springframework.test.context.web.ServletTestExecutionListener, org.springframework.test.context.support.DirtiesContextBeforeModesTestExecutionListener, org.springframework.test.context.support.DependencyInjectionTestExecutionListener, org.springframework.test.context.support.DirtiesContextTestExecutionListener, org.springframework.test.context.transaction.TransactionalTestExecutionListener, org.springframework.test.context.jdbc.SqlScriptsTestExecutionListener, org.springframework.test.context.event.EventPublishingTestExecutionListener]
16:35:48.058 [main] INFO org.springframework.boot.test.context.SpringBootTestContextBootstrapper - Using TestExecutionListeners: [org.springframework.test.context.web.ServletTestExecutionListener@740cae06, org.springframework.test.context.support.DirtiesContextBeforeModesTestExecutionListener@26d9b808, org.springframework.boot.test.mock.mockito.MockitoTestExecutionListener@f78a47e, org.springframework.boot.test.autoconfigure.SpringBootDependencyInjectionTestExecutionListener@644baf4a, org.springframework.test.context.support.DirtiesContextTestExecutionListener@7526515b, org.springframework.test.context.transaction.TransactionalTestExecutionListener@1ed4ae0f, org.springframework.test.context.jdbc.SqlScriptsTestExecutionListener@54c5a2ff, org.springframework.test.context.event.EventPublishingTestExecutionListener@6d4d66d2, org.springframework.boot.test.mock.mockito.ResetMocksTestExecutionListener@2a265ea9, org.springframework.boot.test.autoconfigure.restdocs.RestDocsTestExecutionListener@11392934, org.springframework.boot.test.autoconfigure.web.client.MockRestServiceServerResetTestExecutionListener@6892b3b6, org.springframework.boot.test.autoconfigure.web.servlet.MockMvcPrintOnlyOnFailureTestExecutionListener@6e6f2380, org.springframework.boot.test.autoconfigure.web.servlet.WebDriverTestExecutionListener@76a4ebf2, org.springframework.boot.test.autoconfigure.webservices.client.MockWebServiceServerTestExecutionListener@2e8c1c9b]
16:35:48.063 [main] DEBUG org.springframework.test.context.support.AbstractDirtiesContextTestExecutionListener - Before test class: context [DefaultTestContext@74ea2410 testClass = BringcarApplicationTests, testInstance = [null], testMethod = [null], testException = [null], mergedContextConfiguration = [WebMergedContextConfiguration@17f62e33 testClass = BringcarApplicationTests, locations = '{}', classes = '{class com.qf.BringcarApplication}', contextInitializerClasses = '[]', activeProfiles = '{}', propertySourceLocations = '{}', propertySourceProperties = '{org.springframework.boot.test.context.SpringBootTestContextBootstrapper=true}', contextCustomizers = set[[ImportsContextCustomizer@76b1e9b8 key = [@org.apiguardian.api.API(consumers=[*], since=5.0, status=STABLE), @org.springframework.context.annotation.Import(value=[class org.mybatis.spring.annotation.MapperScannerRegistrar]), @org.springframework.test.context.BootstrapWith(value=class org.springframework.boot.test.context.SpringBootTestContextBootstrapper), @org.junit.jupiter.api.extension.ExtendWith(value=[class org.springframework.test.context.junit.jupiter.SpringExtension]), @org.springframework.boot.test.context.SpringBootTest(args=[], webEnvironment=MOCK, value=[], properties=[], classes=[]), @org.mybatis.spring.annotation.MapperScan(sqlSessionFactoryRef=, sqlSessionTemplateRef=, lazyInitialization=, annotationClass=interface java.lang.annotation.Annotation, basePackageClasses=[], markerInterface=class java.lang.Class, nameGenerator=interface org.springframework.beans.factory.support.BeanNameGenerator, basePackages=[], value=[com.qf.mapper], factoryBean=class org.mybatis.spring.mapper.MapperFactoryBean)]], org.springframework.boot.test.context.filter.ExcludeFilterContextCustomizer@20deea7f, org.springframework.boot.test.json.DuplicateJsonObjectContextCustomizerFactory$DuplicateJsonObjectContextCustomizer@7714e963, org.springframework.boot.test.mock.mockito.MockitoContextCustomizer@0, org.springframework.boot.test.web.client.TestRestTemplateContextCustomizer@52e6fdee, org.springframework.boot.test.autoconfigure.properties.PropertyMappingContextCustomizer@0, org.springframework.boot.test.autoconfigure.web.servlet.WebDriverContextCustomizerFactory$Customizer@4466af20, org.springframework.boot.test.context.SpringBootTestArgs@1], resourceBasePath = 'src/main/webapp', contextLoader = 'org.springframework.boot.test.context.SpringBootContextLoader', parent = [null]], attributes = map['org.springframework.test.context.web.ServletTestExecutionListener.activateListener' -> true]], class annotated with @DirtiesContext [false] with mode [null].
16:35:48.098 [main] DEBUG org.springframework.test.context.support.TestPropertySourceUtils - Adding inlined properties to environment: {spring.jmx.enabled=false, org.springframework.boot.test.context.SpringBootTestContextBootstrapper=true}

  .   ____          _            __ _ _
 /\\ / ___'_ __ _ _(_)_ __  __ _ \ \ \ \
( ( )\___ | '_ | '_| | '_ \/ _` | \ \ \ \
 \\/  ___)| |_)| | | | | || (_| |  ) ) ) )
  '  |____| .__|_| |_|_| |_\__, | / / / /
 =========|_|==============|___/=/_/_/_/
 :: Spring Boot ::        (v2.3.3.RELEASE)

2020-08-21 16:35:48.465  INFO 10156 --- [           main] com.qf.BringcarApplicationTests          : Starting BringcarApplicationTests on DESKTOP-EQU7JJ2 with PID 10156 (started by 李志 in D:\java-2003\bringCar)
2020-08-21 16:35:48.467  INFO 10156 --- [           main] com.qf.BringcarApplicationTests          : No active profile set, falling back to default profiles: default
2020-08-21 16:35:49.293  WARN 10156 --- [           main] o.m.s.mapper.ClassPathMapperScanner      : Skipping MapperFactoryBean with name 'carMapper' and 'com.qf.mapper.CarMapper' mapperInterface. Bean already defined with the same name!
2020-08-21 16:35:49.293  WARN 10156 --- [           main] o.m.s.mapper.ClassPathMapperScanner      : Skipping MapperFactoryBean with name 'cityMapper' and 'com.qf.mapper.CityMapper' mapperInterface. Bean already defined with the same name!
2020-08-21 16:35:49.293  WARN 10156 --- [           main] o.m.s.mapper.ClassPathMapperScanner      : Skipping MapperFactoryBean with name 'orderMapper' and 'com.qf.mapper.OrderMapper' mapperInterface. Bean already defined with the same name!
2020-08-21 16:35:49.294  WARN 10156 --- [           main] o.m.s.mapper.ClassPathMapperScanner      : Skipping MapperFactoryBean with name 'userMapper' and 'com.qf.mapper.UserMapper' mapperInterface. Bean already defined with the same name!
2020-08-21 16:35:49.294  WARN 10156 --- [           main] o.m.s.mapper.ClassPathMapperScanner      : No MyBatis mapper was found in '[com.qf.mapper]' package. Please check your configuration.
Logging initialized using 'class org.apache.ibatis.logging.stdout.StdOutImpl' adapter.
2020-08-21 16:35:49.694  INFO 10156 --- [           main] c.a.d.s.b.a.DruidDataSourceAutoConfigure : Init DruidDataSource
2020-08-21 16:35:49.935  INFO 10156 --- [           main] com.alibaba.druid.pool.DruidDataSource   : {dataSource-1} inited
Parsed mapper file: 'file [D:\java-2003\bringCar\target\classes\mapper\CarMapper.xml]'
Parsed mapper file: 'file [D:\java-2003\bringCar\target\classes\mapper\CityMapper.xml]'
Parsed mapper file: 'file [D:\java-2003\bringCar\target\classes\mapper\OrderMapper.xml]'
Parsed mapper file: 'file [D:\java-2003\bringCar\target\classes\mapper\UserMapper.xml]'
2020-08-21 16:35:50.874  INFO 10156 --- [           main] o.s.s.concurrent.ThreadPoolTaskExecutor  : Initializing ExecutorService 'applicationTaskExecutor'
2020-08-21 16:35:51.048  INFO 10156 --- [           main] o.s.b.a.w.s.WelcomePageHandlerMapping    : Adding welcome page: class path resource [static/index.html]
2020-08-21 16:35:51.287  WARN 10156 --- [           main] org.thymeleaf.templatemode.TemplateMode  : [THYMELEAF][main] Template Mode 'HTML5' is deprecated. Using Template Mode 'HTML' instead.
2020-08-21 16:35:51.543  INFO 10156 --- [           main] com.qf.BringcarApplicationTests          : Started BringcarApplicationTests in 3.433 seconds (JVM running for 4.721)
Creating a new SqlSession
SqlSession [org.apache.ibatis.session.defaults.DefaultSqlSession@77ab22be] was not registered for synchronization because synchronization is not active
JDBC Connection [com.mysql.cj.jdbc.ConnectionImpl@516462cc] will not be managed by Spring
==>  Preparing: insert into sys_order values (?,?,?,?,?,?) 
==> Parameters: 1(Integer), 2(Integer), 3(Integer), 4(Integer), 5.0(Double), 3(String)
Closing non transactional SqlSession [org.apache.ibatis.session.defaults.DefaultSqlSession@77ab22be]
]]></system-out>
  </testcase>
</testsuite>